[2023-08-18 21:57:09] [ INFO ] [BD:30] datos de prueba cargados exitosamente
[2023-08-18 21:59:40] [ INFO ] [BD:30] datos de prueba cargados exitosamente
[2023-08-18 22:02:07] [ INFO ] [BD:30] datos de prueba cargados exitosamente
[2023-08-18 22:03:45] [ INFO ] [PacienteDAOH2:158] inicio de operacion de : buscado por Email:  jorge.pereyra@digitalhouse.com
[2023-08-18 22:04:54] [ INFO ] [BD:30] datos de prueba cargados exitosamente
[2023-08-18 22:05:16] [ INFO ] [PacienteDAOH2:158] inicio de operacion de : buscado por Email:  jorge.pereyra@digitalhouse.com
[2023-08-18 22:05:18] [ INFO ] [PacienteDAOH2:158] inicio de operacion de : buscado por Email:  jorge.pereyra@digitalhouse.com
[2023-08-18 22:06:43] [ INFO ] [BD:30] datos de prueba cargados exitosamente
[2023-08-18 22:07:47] [ INFO ] [PacienteDAOH2:158] inicio de operacion de : buscado por Email:  jorge.pereyra@digitalhouse.com
[2023-08-18 22:07:47] [ INFO ] [DomicilioDAOH2:52] inicio de operacion de : 
[2023-08-22 19:44:21] [ INFO ] [BD:30] datos de prueba cargados exitosamente
[2023-08-22 20:56:14] [ INFO ] [BD:30] datos de prueba cargados exitosamente
[2023-08-22 21:57:00] [ INFO ] [BD:30] datos de prueba cargados exitosamente
[2023-08-22 21:59:22] [ INFO ] [BD:30] datos de prueba cargados exitosamente
[2023-08-22 22:00:44] [ INFO ] [BD:30] datos de prueba cargados exitosamente
[2023-08-22 22:03:47] [ INFO ] [BD:30] datos de prueba cargados exitosamente
[2023-08-22 22:05:46] [ INFO ] [PacienteDAOH2:60] inicio de operacion de : BUSCADO 
[2023-08-22 22:05:47] [ INFO ] [DomicilioDAOH2:52] inicio de operacion de : 
[2023-08-22 22:06:30] [ INFO ] [PacienteDAOH2:60] inicio de operacion de : BUSCADO 
[2023-08-22 22:06:30] [ INFO ] [DomicilioDAOH2:52] inicio de operacion de : 
[2023-08-22 22:07:56] [ INFO ] [PacienteDAOH2:60] inicio de operacion de : BUSCADO 
[2023-08-22 22:51:43] [ INFO ] [BD:35] datos de prueba cargados exitosamente
[2023-08-22 22:52:19] [ INFO ] [PacienteDAOH2:60] inicio de operacion de : BUSCADO 
[2023-08-22 22:52:19] [ INFO ] [DomicilioDAOH2:52] inicio de operacion de : 
[2023-08-22 22:52:19] [ INFO ] [OdontologoDAOH2:48] inicio de operacion de Buscar un odontologo : 2
[2023-08-22 22:54:28] [ INFO ] [BD:35] datos de prueba cargados exitosamente
[2023-08-22 22:54:50] [ INFO ] [OdontologoDAOH2:48] inicio de operacion de Buscar un odontologo : 1
[2023-08-25 19:41:54] [ INFO ] [BD:35] datos de prueba cargados exitosamente
[2023-08-25 19:47:10] [ INFO ] [BD:35] datos de prueba cargados exitosamente
[2023-08-25 20:02:57] [ INFO ] [BD:35] datos de prueba cargados exitosamente
[2023-08-25 20:05:02] [ INFO ] [BD:35] datos de prueba cargados exitosamente
[2023-08-25 20:07:10] [ INFO ] [BD:35] datos de prueba cargados exitosamente
[2023-08-25 20:07:53] [ INFO ] [OdontologoDAOH2:120] inicio de operacion de buscado de todos los odontologos
[2023-08-25 20:09:53] [ INFO ] [BD:35] datos de prueba cargados exitosamente
[2023-08-25 20:10:12] [ INFO ] [OdontologoDAOH2:120] inicio de operacion de buscado de todos los odontologos
[2023-08-25 20:10:14] [ INFO ] [OdontologoDAOH2:120] inicio de operacion de buscado de todos los odontologos
[2023-08-25 20:10:15] [ INFO ] [OdontologoDAOH2:120] inicio de operacion de buscado de todos los odontologos
[2023-08-25 20:10:16] [ INFO ] [OdontologoDAOH2:120] inicio de operacion de buscado de todos los odontologos
[2023-08-25 20:10:23] [ INFO ] [OdontologoDAOH2:120] inicio de operacion de buscado de todos los odontologos
[2023-08-25 20:12:41] [ INFO ] [BD:35] datos de prueba cargados exitosamente
[2023-08-25 20:14:30] [ INFO ] [BD:35] datos de prueba cargados exitosamente
[2023-08-25 20:14:52] [ INFO ] [OdontologoDAOH2:120] inicio de operacion de buscado de todos los odontologos
[2023-08-25 20:14:52] [ INFO ] [OdontologoDAOH2:133] inicio de operacion de agregacion de una lista
[2023-08-25 20:14:52] [ INFO ] [OdontologoDAOH2:133] inicio de operacion de agregacion de una lista
[2023-08-25 20:14:52] [ INFO ] [OdontologoDAOH2:144] devuelve la lista
[2023-08-25 20:14:56] [ INFO ] [OdontologoDAOH2:120] inicio de operacion de buscado de todos los odontologos
[2023-08-25 20:14:56] [ INFO ] [OdontologoDAOH2:133] inicio de operacion de agregacion de una lista
[2023-08-25 20:14:56] [ INFO ] [OdontologoDAOH2:133] inicio de operacion de agregacion de una lista
[2023-08-25 20:14:56] [ INFO ] [OdontologoDAOH2:144] devuelve la lista
[2023-08-25 20:18:44] [ INFO ] [BD:35] datos de prueba cargados exitosamente
[2023-08-25 20:19:08] [ INFO ] [OdontologoDAOH2:120] inicio de operacion de buscado de todos los odontologos
[2023-08-25 20:19:08] [ INFO ] [OdontologoDAOH2:133] inicio de operacion de agregacion de una lista
[2023-08-25 20:19:08] [ INFO ] [OdontologoDAOH2:133] inicio de operacion de agregacion de una lista
[2023-08-25 20:19:08] [ INFO ] [OdontologoDAOH2:144] devuelve la lista
[2023-08-25 20:20:48] [ INFO ] [BD:35] datos de prueba cargados exitosamente
[2023-08-25 20:21:04] [ INFO ] [OdontologoDAOH2:120] inicio de operacion de buscado de todos los odontologos
[2023-08-25 20:21:04] [ INFO ] [OdontologoDAOH2:133] inicio de operacion de agregacion de una lista
[2023-08-25 20:21:04] [ INFO ] [OdontologoDAOH2:133] inicio de operacion de agregacion de una lista
[2023-08-25 20:21:04] [ INFO ] [OdontologoDAOH2:144] devuelve la lista
[2023-08-25 21:27:16] [ INFO ] [BD:35] datos de prueba cargados exitosamente
[2023-08-25 21:27:50] [ INFO ] [OdontologoDAOH2:120] inicio de operacion de buscado de todos los odontologos
[2023-08-25 21:27:51] [ INFO ] [OdontologoDAOH2:133] inicio de operacion de agregacion de una lista
[2023-08-25 21:27:51] [ INFO ] [OdontologoDAOH2:133] inicio de operacion de agregacion de una lista
[2023-08-25 21:27:51] [ INFO ] [OdontologoDAOH2:144] devuelve la lista
[2023-08-25 21:28:07] [ INFO ] [OdontologoDAOH2:20] inicio de operacion de Guardado de un Odontologo : null
[2023-08-25 21:28:10] [ INFO ] [OdontologoDAOH2:120] inicio de operacion de buscado de todos los odontologos
[2023-08-25 21:28:10] [ INFO ] [OdontologoDAOH2:133] inicio de operacion de agregacion de una lista
[2023-08-25 21:28:10] [ INFO ] [OdontologoDAOH2:133] inicio de operacion de agregacion de una lista
[2023-08-25 21:28:10] [ INFO ] [OdontologoDAOH2:133] inicio de operacion de agregacion de una lista
[2023-08-25 21:28:11] [ INFO ] [OdontologoDAOH2:144] devuelve la lista
[2023-08-25 21:30:29] [ INFO ] [BD:35] datos de prueba cargados exitosamente
[2023-08-25 21:30:46] [ INFO ] [OdontologoDAOH2:144] devuelve la lista
[2023-08-25 21:30:56] [ INFO ] [OdontologoDAOH2:20] inicio de operacion de Guardado de un Odontologo : 123
[2023-08-25 21:30:59] [ INFO ] [OdontologoDAOH2:144] devuelve la lista
[2023-08-25 21:35:16] [ INFO ] [BD:36] datos de prueba cargados exitosamente
[2023-08-25 21:36:44] [ INFO ] [BD:36] datos de prueba cargados exitosamente
[2023-08-25 21:37:51] [ INFO ] [OdontologoDAOH2:22] inicio de operacion de Guardado de un Odontologo : 123
[2023-08-25 21:37:53] [ INFO ] [OdontologoDAOH2:146] devuelve la lista
